[0.799s] Invoking command in '/home/woohyuck/term_project/build/neural_rrt_planner': DEBUGINFOD_URLS=https://debuginfod.ubuntu.com PS1=(torch_env) \[\e]0;\u@\h: \w\a\]${debian_chroot:+($debian_chroot)}\[\033[01;32m\]\u@\h\[\033[00m\]:\[\033[01;34m\]\w\[\033[00m\]\$ PYTHONPATH=/home/woohyuck/term_project/build/neural_rrt_planner/prefix_override:/usr/lib/python3/dist-packages/colcon_core/task/python/colcon_distutils_commands:/home/woohyuck/term_project/install/neural_rrt_planner/lib/python3.12/site-packages:${PYTHONPATH} VIRTUAL_ENV_PROMPT=(torch_env) /usr/bin/python3 -W ignore:setup.py install is deprecated -W ignore:easy_install command is deprecated setup.py develop --editable --build-directory /home/woohyuck/term_project/build/neural_rrt_planner/build --no-deps symlink_data
[1.003s] running develop
[1.113s] running egg_info
[1.113s] creating neural_rrt_planner.egg-info
[1.132s] writing neural_rrt_planner.egg-info/PKG-INFO
[1.136s] writing dependency_links to neural_rrt_planner.egg-info/dependency_links.txt
[1.136s] writing entry points to neural_rrt_planner.egg-info/entry_points.txt
[1.137s] writing requirements to neural_rrt_planner.egg-info/requires.txt
[1.137s] writing top-level names to neural_rrt_planner.egg-info/top_level.txt
[1.141s] writing manifest file 'neural_rrt_planner.egg-info/SOURCES.txt'
[1.174s] reading manifest file 'neural_rrt_planner.egg-info/SOURCES.txt'
[1.174s] writing manifest file 'neural_rrt_planner.egg-info/SOURCES.txt'
[1.204s] running build_ext
[1.204s] Creating /home/woohyuck/term_project/install/neural_rrt_planner/lib/python3.12/site-packages/neural-rrt-planner.egg-link (link to .)
[1.204s] Installing generate_sampling_dataset script to /home/woohyuck/term_project/install/neural_rrt_planner/lib/neural_rrt_planner
[1.204s] Installing informed_rrt_star_node script to /home/woohyuck/term_project/install/neural_rrt_planner/lib/neural_rrt_planner
[1.204s] Installing informed_rrt_star_test script to /home/woohyuck/term_project/install/neural_rrt_planner/lib/neural_rrt_planner
[1.204s] Installing neural_rrt_star_node script to /home/woohyuck/term_project/install/neural_rrt_planner/lib/neural_rrt_planner
[1.204s] Installing neural_rrt_star_node_v2 script to /home/woohyuck/term_project/install/neural_rrt_planner/lib/neural_rrt_planner
[1.205s] Installing rrt_star script to /home/woohyuck/term_project/install/neural_rrt_planner/lib/neural_rrt_planner
[1.205s] Installing rrt_star_node script to /home/woohyuck/term_project/install/neural_rrt_planner/lib/neural_rrt_planner
[1.205s] 
[1.205s] Installed /home/woohyuck/term_project/build/neural_rrt_planner
[1.205s] running symlink_data
[1.206s] creating /home/woohyuck/term_project/install/neural_rrt_planner/share/ament_index
[1.206s] creating /home/woohyuck/term_project/install/neural_rrt_planner/share/ament_index/resource_index
[1.207s] creating /home/woohyuck/term_project/install/neural_rrt_planner/share/ament_index/resource_index/packages
[1.207s] symbolically linking /home/woohyuck/term_project/build/neural_rrt_planner/resource/neural_rrt_planner -> /home/woohyuck/term_project/install/neural_rrt_planner/share/ament_index/resource_index/packages
[1.208s] symbolically linking /home/woohyuck/term_project/build/neural_rrt_planner/package.xml -> /home/woohyuck/term_project/install/neural_rrt_planner/share/neural_rrt_planner
[1.208s] creating /home/woohyuck/term_project/install/neural_rrt_planner/share/neural_rrt_planner/launch
[1.208s] symbolically linking /home/woohyuck/term_project/build/neural_rrt_planner/launch/neural_rrt_star_v2_launch.py -> /home/woohyuck/term_project/install/neural_rrt_planner/share/neural_rrt_planner/launch
[1.208s] symbolically linking /home/woohyuck/term_project/build/neural_rrt_planner/launch/neural_rrt_star_launch.py -> /home/woohyuck/term_project/install/neural_rrt_planner/share/neural_rrt_planner/launch
[1.208s] symbolically linking /home/woohyuck/term_project/build/neural_rrt_planner/launch/rrt_star_launch.py -> /home/woohyuck/term_project/install/neural_rrt_planner/share/neural_rrt_planner/launch
[1.208s] creating /home/woohyuck/term_project/install/neural_rrt_planner/share/neural_rrt_planner/rviz
[1.209s] symbolically linking /home/woohyuck/term_project/build/neural_rrt_planner/rviz/neural_rrt_star_v1.rviz -> /home/woohyuck/term_project/install/neural_rrt_planner/share/neural_rrt_planner/rviz
[1.209s] symbolically linking /home/woohyuck/term_project/build/neural_rrt_planner/rviz/informed_rrt_star.rviz -> /home/woohyuck/term_project/install/neural_rrt_planner/share/neural_rrt_planner/rviz
[1.209s] symbolically linking /home/woohyuck/term_project/build/neural_rrt_planner/rviz/neural_rrt_star.rviz -> /home/woohyuck/term_project/install/neural_rrt_planner/share/neural_rrt_planner/rviz
[1.209s] symbolically linking /home/woohyuck/term_project/build/neural_rrt_planner/rviz/rrt_star.rviz -> /home/woohyuck/term_project/install/neural_rrt_planner/share/neural_rrt_planner/rviz
[1.209s] symbolically linking /home/woohyuck/term_project/build/neural_rrt_planner/rviz/neural_rrt_star_v2.rviz -> /home/woohyuck/term_project/install/neural_rrt_planner/share/neural_rrt_planner/rviz
[1.247s] Invoked command in '/home/woohyuck/term_project/build/neural_rrt_planner' returned '0': DEBUGINFOD_URLS=https://debuginfod.ubuntu.com PS1=(torch_env) \[\e]0;\u@\h: \w\a\]${debian_chroot:+($debian_chroot)}\[\033[01;32m\]\u@\h\[\033[00m\]:\[\033[01;34m\]\w\[\033[00m\]\$ PYTHONPATH=/home/woohyuck/term_project/build/neural_rrt_planner/prefix_override:/usr/lib/python3/dist-packages/colcon_core/task/python/colcon_distutils_commands:/home/woohyuck/term_project/install/neural_rrt_planner/lib/python3.12/site-packages:${PYTHONPATH} VIRTUAL_ENV_PROMPT=(torch_env) /usr/bin/python3 -W ignore:setup.py install is deprecated -W ignore:easy_install command is deprecated setup.py develop --editable --build-directory /home/woohyuck/term_project/build/neural_rrt_planner/build --no-deps symlink_data
