[0.420s] Invoking command in '/home/woohyuck/term_project/build/neural_rrt_planner': DEBUGINFOD_URLS=https://debuginfod.ubuntu.com PYTHONPATH=/home/woohyuck/term_project/build/neural_rrt_planner/prefix_override:/usr/lib/python3/dist-packages/colcon_core/task/python/colcon_distutils_commands:/home/woohyuck/term_project/install/neural_rrt_planner/lib/python3.12/site-packages:${PYTHONPATH} VIRTUAL_ENV_PROMPT=(torch_env) /usr/bin/python3 -W ignore:setup.py install is deprecated -W ignore:easy_install command is deprecated setup.py develop --editable --build-directory /home/woohyuck/term_project/build/neural_rrt_planner/build --no-deps symlink_data
[0.565s] running develop
[0.645s] running egg_info
[0.652s] writing neural_rrt_planner.egg-info/PKG-INFO
[0.653s] writing dependency_links to neural_rrt_planner.egg-info/dependency_links.txt
[0.653s] writing entry points to neural_rrt_planner.egg-info/entry_points.txt
[0.653s] writing requirements to neural_rrt_planner.egg-info/requires.txt
[0.653s] writing top-level names to neural_rrt_planner.egg-info/top_level.txt
[0.669s] reading manifest file 'neural_rrt_planner.egg-info/SOURCES.txt'
[0.669s] writing manifest file 'neural_rrt_planner.egg-info/SOURCES.txt'
[0.677s] running build_ext
[0.678s] Creating /home/woohyuck/term_project/install/neural_rrt_planner/lib/python3.12/site-packages/neural-rrt-planner.egg-link (link to .)
[0.678s] Installing generate_sampling_dataset script to /home/woohyuck/term_project/install/neural_rrt_planner/lib/neural_rrt_planner
[0.678s] Installing informed_rrt_star_node script to /home/woohyuck/term_project/install/neural_rrt_planner/lib/neural_rrt_planner
[0.678s] Installing informed_rrt_star_test script to /home/woohyuck/term_project/install/neural_rrt_planner/lib/neural_rrt_planner
[0.678s] Installing neural_rrt_star_node script to /home/woohyuck/term_project/install/neural_rrt_planner/lib/neural_rrt_planner
[0.678s] Installing neural_rrt_star_node_v2 script to /home/woohyuck/term_project/install/neural_rrt_planner/lib/neural_rrt_planner
[0.678s] Installing rrt_star script to /home/woohyuck/term_project/install/neural_rrt_planner/lib/neural_rrt_planner
[0.678s] Installing rrt_star_node script to /home/woohyuck/term_project/install/neural_rrt_planner/lib/neural_rrt_planner
[0.678s] 
[0.680s] Installed /home/woohyuck/term_project/build/neural_rrt_planner
[0.680s] running symlink_data
[0.680s] symbolically linking /home/woohyuck/term_project/build/neural_rrt_planner/launch/informed_rrt_star_launch.py -> /home/woohyuck/term_project/install/neural_rrt_planner/share/neural_rrt_planner/launch
[0.697s] Invoked command in '/home/woohyuck/term_project/build/neural_rrt_planner' returned '0': DEBUGINFOD_URLS=https://debuginfod.ubuntu.com PYTHONPATH=/home/woohyuck/term_project/build/neural_rrt_planner/prefix_override:/usr/lib/python3/dist-packages/colcon_core/task/python/colcon_distutils_commands:/home/woohyuck/term_project/install/neural_rrt_planner/lib/python3.12/site-packages:${PYTHONPATH} VIRTUAL_ENV_PROMPT=(torch_env) /usr/bin/python3 -W ignore:setup.py install is deprecated -W ignore:easy_install command is deprecated setup.py develop --editable --build-directory /home/woohyuck/term_project/build/neural_rrt_planner/build --no-deps symlink_data
