running develop
running egg_info
creating neural_rrt_planner.egg-info
writing neural_rrt_planner.egg-info/PKG-INFO
writing dependency_links to neural_rrt_planner.egg-info/dependency_links.txt
writing entry points to neural_rrt_planner.egg-info/entry_points.txt
writing requirements to neural_rrt_planner.egg-info/requires.txt
writing top-level names to neural_rrt_planner.egg-info/top_level.txt
writing manifest file 'neural_rrt_planner.egg-info/SOURCES.txt'
reading manifest file 'neural_rrt_planner.egg-info/SOURCES.txt'
writing manifest file 'neural_rrt_planner.egg-info/SOURCES.txt'
running build_ext
Creating /home/woohyuck/term_project/install/neural_rrt_planner/lib/python3.12/site-packages/neural-rrt-planner.egg-link (link to .)
Installing generate_sampling_dataset script to /home/woohyuck/term_project/install/neural_rrt_planner/lib/neural_rrt_planner
Installing informed_rrt_star_node script to /home/woohyuck/term_project/install/neural_rrt_planner/lib/neural_rrt_planner
Installing informed_rrt_star_test script to /home/woohyuck/term_project/install/neural_rrt_planner/lib/neural_rrt_planner
Installing neural_rrt_star_node script to /home/woohyuck/term_project/install/neural_rrt_planner/lib/neural_rrt_planner
Installing neural_rrt_star_node_v2 script to /home/woohyuck/term_project/install/neural_rrt_planner/lib/neural_rrt_planner
Installing rrt_star script to /home/woohyuck/term_project/install/neural_rrt_planner/lib/neural_rrt_planner
Installing rrt_star_node script to /home/woohyuck/term_project/install/neural_rrt_planner/lib/neural_rrt_planner

Installed /home/woohyuck/term_project/build/neural_rrt_planner
running symlink_data
creating /home/woohyuck/term_project/install/neural_rrt_planner/share/ament_index
creating /home/woohyuck/term_project/install/neural_rrt_planner/share/ament_index/resource_index
creating /home/woohyuck/term_project/install/neural_rrt_planner/share/ament_index/resource_index/packages
symbolically linking /home/woohyuck/term_project/build/neural_rrt_planner/resource/neural_rrt_planner -> /home/woohyuck/term_project/install/neural_rrt_planner/share/ament_index/resource_index/packages
symbolically linking /home/woohyuck/term_project/build/neural_rrt_planner/package.xml -> /home/woohyuck/term_project/install/neural_rrt_planner/share/neural_rrt_planner
creating /home/woohyuck/term_project/install/neural_rrt_planner/share/neural_rrt_planner/launch
symbolically linking /home/woohyuck/term_project/build/neural_rrt_planner/launch/neural_rrt_star_v2_launch.py -> /home/woohyuck/term_project/install/neural_rrt_planner/share/neural_rrt_planner/launch
symbolically linking /home/woohyuck/term_project/build/neural_rrt_planner/launch/neural_rrt_star_launch.py -> /home/woohyuck/term_project/install/neural_rrt_planner/share/neural_rrt_planner/launch
symbolically linking /home/woohyuck/term_project/build/neural_rrt_planner/launch/rrt_star_launch.py -> /home/woohyuck/term_project/install/neural_rrt_planner/share/neural_rrt_planner/launch
creating /home/woohyuck/term_project/install/neural_rrt_planner/share/neural_rrt_planner/rviz
symbolically linking /home/woohyuck/term_project/build/neural_rrt_planner/rviz/neural_rrt_star_v1.rviz -> /home/woohyuck/term_project/install/neural_rrt_planner/share/neural_rrt_planner/rviz
symbolically linking /home/woohyuck/term_project/build/neural_rrt_planner/rviz/informed_rrt_star.rviz -> /home/woohyuck/term_project/install/neural_rrt_planner/share/neural_rrt_planner/rviz
symbolically linking /home/woohyuck/term_project/build/neural_rrt_planner/rviz/neural_rrt_star.rviz -> /home/woohyuck/term_project/install/neural_rrt_planner/share/neural_rrt_planner/rviz
symbolically linking /home/woohyuck/term_project/build/neural_rrt_planner/rviz/rrt_star.rviz -> /home/woohyuck/term_project/install/neural_rrt_planner/share/neural_rrt_planner/rviz
symbolically linking /home/woohyuck/term_project/build/neural_rrt_planner/rviz/neural_rrt_star_v2.rviz -> /home/woohyuck/term_project/install/neural_rrt_planner/share/neural_rrt_planner/rviz
