[0.456s] Invoking command in '/home/woohyuck/term_project/build/neural_rrt_planner': DEBUGINFOD_URLS=https://debuginfod.ubuntu.com PYTHONPATH=/home/woohyuck/term_project/build/neural_rrt_planner/prefix_override:/usr/lib/python3/dist-packages/colcon_core/task/python/colcon_distutils_commands:/home/woohyuck/term_project/install/neural_rrt_planner/lib/python3.12/site-packages:${PYTHONPATH} /usr/bin/python3 -W ignore:setup.py install is deprecated -W ignore:easy_install command is deprecated setup.py develop --editable --build-directory /home/woohyuck/term_project/build/neural_rrt_planner/build --no-deps symlink_data
[0.590s] running develop
[0.662s] running egg_info
[0.662s] creating neural_rrt_planner.egg-info
[0.668s] writing neural_rrt_planner.egg-info/PKG-INFO
[0.668s] writing dependency_links to neural_rrt_planner.egg-info/dependency_links.txt
[0.669s] writing entry points to neural_rrt_planner.egg-info/entry_points.txt
[0.669s] writing requirements to neural_rrt_planner.egg-info/requires.txt
[0.669s] writing top-level names to neural_rrt_planner.egg-info/top_level.txt
[0.669s] writing manifest file 'neural_rrt_planner.egg-info/SOURCES.txt'
[0.682s] reading manifest file 'neural_rrt_planner.egg-info/SOURCES.txt'
[0.683s] writing manifest file 'neural_rrt_planner.egg-info/SOURCES.txt'
[0.690s] running build_ext
[0.691s] Creating /home/woohyuck/term_project/install/neural_rrt_planner/lib/python3.12/site-packages/neural-rrt-planner.egg-link (link to .)
[0.692s] Installing generate_sampling_dataset script to /home/woohyuck/term_project/install/neural_rrt_planner/lib/neural_rrt_planner
[0.692s] Installing informed_rrt_star_node script to /home/woohyuck/term_project/install/neural_rrt_planner/lib/neural_rrt_planner
[0.692s] Installing informed_rrt_star_test script to /home/woohyuck/term_project/install/neural_rrt_planner/lib/neural_rrt_planner
[0.692s] Installing neural_rrt_star_node script to /home/woohyuck/term_project/install/neural_rrt_planner/lib/neural_rrt_planner
[0.692s] Installing neural_rrt_star_node_v2 script to /home/woohyuck/term_project/install/neural_rrt_planner/lib/neural_rrt_planner
[0.692s] Installing rrt_star script to /home/woohyuck/term_project/install/neural_rrt_planner/lib/neural_rrt_planner
[0.692s] Installing rrt_star_node script to /home/woohyuck/term_project/install/neural_rrt_planner/lib/neural_rrt_planner
[0.692s] 
[0.692s] Installed /home/woohyuck/term_project/build/neural_rrt_planner
[0.692s] running symlink_data
[0.692s] creating /home/woohyuck/term_project/install/neural_rrt_planner/share/ament_index
[0.692s] creating /home/woohyuck/term_project/install/neural_rrt_planner/share/ament_index/resource_index
[0.692s] creating /home/woohyuck/term_project/install/neural_rrt_planner/share/ament_index/resource_index/packages
[0.692s] symbolically linking /home/woohyuck/term_project/build/neural_rrt_planner/resource/neural_rrt_planner -> /home/woohyuck/term_project/install/neural_rrt_planner/share/ament_index/resource_index/packages
[0.693s] symbolically linking /home/woohyuck/term_project/build/neural_rrt_planner/package.xml -> /home/woohyuck/term_project/install/neural_rrt_planner/share/neural_rrt_planner
[0.693s] creating /home/woohyuck/term_project/install/neural_rrt_planner/share/neural_rrt_planner/launch
[0.693s] symbolically linking /home/woohyuck/term_project/build/neural_rrt_planner/launch/neural_rrt_star_v2_launch.py -> /home/woohyuck/term_project/install/neural_rrt_planner/share/neural_rrt_planner/launch
[0.693s] symbolically linking /home/woohyuck/term_project/build/neural_rrt_planner/launch/neural_rrt_star_launch.py -> /home/woohyuck/term_project/install/neural_rrt_planner/share/neural_rrt_planner/launch
[0.693s] symbolically linking /home/woohyuck/term_project/build/neural_rrt_planner/launch/rrt_star_launch.py -> /home/woohyuck/term_project/install/neural_rrt_planner/share/neural_rrt_planner/launch
[0.693s] creating /home/woohyuck/term_project/install/neural_rrt_planner/share/neural_rrt_planner/rviz
[0.693s] symbolically linking /home/woohyuck/term_project/build/neural_rrt_planner/rviz/neural_rrt_star_v1.rviz -> /home/woohyuck/term_project/install/neural_rrt_planner/share/neural_rrt_planner/rviz
[0.693s] symbolically linking /home/woohyuck/term_project/build/neural_rrt_planner/rviz/informed_rrt_star.rviz -> /home/woohyuck/term_project/install/neural_rrt_planner/share/neural_rrt_planner/rviz
[0.693s] symbolically linking /home/woohyuck/term_project/build/neural_rrt_planner/rviz/neural_rrt_star.rviz -> /home/woohyuck/term_project/install/neural_rrt_planner/share/neural_rrt_planner/rviz
[0.693s] symbolically linking /home/woohyuck/term_project/build/neural_rrt_planner/rviz/rrt_star.rviz -> /home/woohyuck/term_project/install/neural_rrt_planner/share/neural_rrt_planner/rviz
[0.693s] symbolically linking /home/woohyuck/term_project/build/neural_rrt_planner/rviz/neural_rrt_star_v2.rviz -> /home/woohyuck/term_project/install/neural_rrt_planner/share/neural_rrt_planner/rviz
[0.707s] Invoked command in '/home/woohyuck/term_project/build/neural_rrt_planner' returned '0': DEBUGINFOD_URLS=https://debuginfod.ubuntu.com PYTHONPATH=/home/woohyuck/term_project/build/neural_rrt_planner/prefix_override:/usr/lib/python3/dist-packages/colcon_core/task/python/colcon_distutils_commands:/home/woohyuck/term_project/install/neural_rrt_planner/lib/python3.12/site-packages:${PYTHONPATH} /usr/bin/python3 -W ignore:setup.py install is deprecated -W ignore:easy_install command is deprecated setup.py develop --editable --build-directory /home/woohyuck/term_project/build/neural_rrt_planner/build --no-deps symlink_data
